<?xml version="1.0" encoding="UTF-8"?>
<!-- Generated by org.testng.reporters.JUnitReportReporter -->
<testsuite name="com.crm.qa.testcases.SystemUserPageTest" tests="2" time="28.539" ignored="0" failures="0" timestamp="24 Dec 2020 19:00:16 GMT" skipped="0" hostname="LMP2DSS3YMPZY2" errors="0">
  <testcase name="clickAddButtonTest" time="14.901" classname="com.crm.qa.testcases.SystemUserPageTest"/>
  <testcase name="verifySystemUserLableTest" time="13.638" classname="com.crm.qa.testcases.SystemUserPageTest"/>
</testsuite> <!-- com.crm.qa.testcases.SystemUserPageTest -->
