<?xml version="1.0" encoding="UTF-8"?>
<!-- Generated by org.testng.reporters.JUnitReportReporter -->
<testsuite name="com.crm.qa.testcases.AddUserTest" tests="3" time="73.825" ignored="0" failures="0" timestamp="24 Dec 2020 19:00:16 GMT" skipped="0" hostname="LMP2DSS3YMPZY2" errors="0">
  <testcase name="AddUser" time="33.292" classname="com.crm.qa.testcases.AddUserTest"/>
  <testcase name="AddUser" time="18.203" classname="com.crm.qa.testcases.AddUserTest"/>
  <testcase name="AddUser" time="22.330" classname="com.crm.qa.testcases.AddUserTest"/>
</testsuite> <!-- com.crm.qa.testcases.AddUserTest -->
