<?xml version="1.0" encoding="UTF-8"?>
<!-- Generated by org.testng.reporters.JUnitReportReporter -->
<testsuite name="com.crm.qa.testcases.LoginTest" tests="3" time="28.534" ignored="0" failures="0" timestamp="24 Dec 2020 19:00:16 GMT" skipped="0" hostname="LMP2DSS3YMPZY2" errors="0">
  <testcase name="HRMLogoTest" time="9.142" classname="com.crm.qa.testcases.LoginTest"/>
  <testcase name="loginPageTitleTest" time="8.694" classname="com.crm.qa.testcases.LoginTest"/>
  <testcase name="LoginTest" time="10.698" classname="com.crm.qa.testcases.LoginTest"/>
</testsuite> <!-- com.crm.qa.testcases.LoginTest -->
