<?xml version="1.0" encoding="UTF-8"?>
<!-- Generated by org.testng.reporters.JUnitReportReporter -->
<testsuite name="com.crm.qa.testcases.DashBoardPageTest" tests="3" time="38.007" ignored="0" failures="0" timestamp="24 Dec 2020 19:00:16 GMT" skipped="0" hostname="LMP2DSS3YMPZY2" errors="0">
  <testcase name="clickAdminModuleLinkTest" time="12.103" classname="com.crm.qa.testcases.DashBoardPageTest"/>
  <testcase name="verifyUserNameTest" time="11.672" classname="com.crm.qa.testcases.DashBoardPageTest"/>
  <testcase name="verifyDashBoardTitlePage" time="14.232" classname="com.crm.qa.testcases.DashBoardPageTest"/>
</testsuite> <!-- com.crm.qa.testcases.DashBoardPageTest -->
